0 info it worked if it ends with ok
1 verbose cli [ '/usr/local/bin/node',
1 verbose cli   '/usr/local/bin/npm',
1 verbose cli   'install',
1 verbose cli   'node-curl' ]
2 info using npm@1.3.23
3 info using node@v0.11.11-pre
4 warn package.json multipart@0.1.5 No repository field.
5 verbose readDependencies using package.json deps
6 verbose cache add [ 'node-curl', null ]
7 verbose cache add name=undefined spec="node-curl" args=["node-curl",null]
8 verbose parsed url { protocol: null,
8 verbose parsed url   slashes: null,
8 verbose parsed url   auth: null,
8 verbose parsed url   host: null,
8 verbose parsed url   port: null,
8 verbose parsed url   hostname: null,
8 verbose parsed url   hash: null,
8 verbose parsed url   search: null,
8 verbose parsed url   query: null,
8 verbose parsed url   pathname: 'node-curl',
8 verbose parsed url   path: 'node-curl',
8 verbose parsed url   href: 'node-curl' }
9 silly lockFile 83a84a35-node-curl node-curl
10 verbose lock node-curl /home/dataadmin/.npm/83a84a35-node-curl.lock
11 silly lockFile 83a84a35-node-curl node-curl
12 silly lockFile 83a84a35-node-curl node-curl
13 verbose addNamed [ 'node-curl', '' ]
14 verbose addNamed [ null, '*' ]
15 silly lockFile a3954c3c-node-curl node-curl@
16 verbose lock node-curl@ /home/dataadmin/.npm/a3954c3c-node-curl.lock
17 silly addNameRange { name: 'node-curl', range: '*', hasData: false }
18 verbose url raw node-curl
19 verbose url resolving [ 'https://registry.npmjs.org/', './node-curl' ]
20 verbose url resolved https://registry.npmjs.org/node-curl
21 info trying registry request attempt 1 at 09:16:30
22 verbose etag "3KOS4LZPBQEB3Y9SRUULDU0EE"
23 http GET https://registry.npmjs.org/node-curl
24 http 304 https://registry.npmjs.org/node-curl
25 silly registry.get cb [ 304,
25 silly registry.get   { date: 'Mon, 23 Jun 2014 13:16:26 GMT',
25 silly registry.get     server: 'Apache',
25 silly registry.get     via: '1.1 varnish',
25 silly registry.get     'last-modified': 'Mon, 23 Jun 2014 13:16:26 GMT',
25 silly registry.get     'cache-control': 'max-age=30',
25 silly registry.get     etag: '"3KOS4LZPBQEB3Y9SRUULDU0EE"',
25 silly registry.get     'x-served-by': 'cache-v36-ASH',
25 silly registry.get     'x-cache': 'MISS',
25 silly registry.get     'x-cache-hits': '0',
25 silly registry.get     'x-timer': 'S1403529386.059554,VS0,VE26',
25 silly registry.get     vary: 'Accept',
25 silly registry.get     'content-length': '0',
25 silly registry.get     connection: 'close' } ]
26 verbose etag node-curl from cache
27 silly addNameRange number 2 { name: 'node-curl', range: '*', hasData: true }
28 silly addNameRange versions [ 'node-curl',
28 silly addNameRange   [ '0.1.0',
28 silly addNameRange     '0.1.1',
28 silly addNameRange     '0.1.2',
28 silly addNameRange     '0.1.3',
28 silly addNameRange     '0.1.4',
28 silly addNameRange     '0.1.5',
28 silly addNameRange     '0.1.6',
28 silly addNameRange     '0.1.7',
28 silly addNameRange     '0.1.8',
28 silly addNameRange     '0.2.0',
28 silly addNameRange     '0.2.1',
28 silly addNameRange     '0.2.2',
28 silly addNameRange     '0.2.3',
28 silly addNameRange     '0.3.0',
28 silly addNameRange     '0.3.1' ] ]
29 verbose addNamed [ 'node-curl', '0.3.1' ]
30 verbose addNamed [ '0.3.1', '0.3.1' ]
31 silly lockFile efd00346-node-curl-0-3-1 node-curl@0.3.1
32 verbose lock node-curl@0.3.1 /home/dataadmin/.npm/efd00346-node-curl-0-3-1.lock
33 silly lockFile efd00346-node-curl-0-3-1 node-curl@0.3.1
34 silly lockFile efd00346-node-curl-0-3-1 node-curl@0.3.1
35 silly lockFile a3954c3c-node-curl node-curl@
36 silly lockFile a3954c3c-node-curl node-curl@
37 silly resolved [ { name: 'node-curl',
37 silly resolved     version: '0.3.1',
37 silly resolved     author: { name: 'Jiang Miao', email: 'jiangfriend@gmail.com' },
37 silly resolved     description: 'node wrapper for multi curl, fully implemented.',
37 silly resolved     keywords: [ 'node-curl', 'curl', 'multi-curl', 'mcurl' ],
37 silly resolved     homepage: 'http://github.com/jiangmiao/node-curl',
37 silly resolved     repository: { type: 'git', url: 'git://github.com/jiangmiao/node-curl.git' },
37 silly resolved     main: './lib',
37 silly resolved     scripts: { install: 'sh src/generate_curl_options_list.sh && (node-gyp rebuild || node-waf configure build)' },
37 silly resolved     engines: { node: '>= 0.6.0' },
37 silly resolved     readme: 'node-curl [![Build Status](https://secure.travis-ci.org/jiangmiao/node-curl.png?branch=master)](http://travis-ci.org/jiangmiao/node-curl)\n=========\n\nnode cURL wrapper, support all options and infos.\n\nQuick Start\n-----------\n\n* quick start\n\n        curl = require(\'node-curl\');\n        curl(\'www.google.com\', function(err) {\n          console.info(this.status);\n          console.info(\'-----\');\n          console.info(this.body);\n          console.info(\'-----\');\n          console.info(this.info(\'SIZE_DOWNLOAD\'));\n        });\n\n\n* with options\n\n        curl = require(\'node-curl\')\n        curl(\'www.google.com\', {VERBOSE: 1, RAW: 1}, function(err) {\n          console.info(this);\n        });\n\n* run the example/test.js\n\n        node examples/test.js\n\nUsage\n-----\n\n* curl\n\n        curl(url, [options = {}], callback)\n        callback includes 1 parameters (error)\n        result is stored in curl\n\n* Retrieve Data from curl\n\n        members:\n          status           - Http Response code\n          body             - Http body\n\n          url              - the url set by curl(...)\n          options          - the options set by curl(...)\n          defaultOptions   - the defaultOptions\n          effectiveOptions - the options curl used\n\n        methods:\n          info(name) - Get information of result, see \'info\' section\n\n* Curl Control\n\n        members\n            debug (default: false)\n                - logging node-curl debug info\n\n        methods:\n            void reset()\n                - reset curl and set options to default options\n\n            void setDefaultOptions(options, reset = true)\n                - set default options\n\n            curl create(defaultOptions)\n                - create a new curl with default options\n\nOptions\n-------\n* Any cURL Easy Options\n\n        eg: CURLOPT_VERBOSE will be VERBOSE, CURLOPT_HEADER will be HEADER\n\n        Full list at http://curl.haxx.se/libcurl/c/curl_easy_setopt.html\n\n* node-curl Extra Options\n\n        RAW   - Returns Buffer instead of String in result.body\n        DEBUG - Replace curl.debug\n\n* About slist parameters\n\n        node-curl support slist which map to Javascript Array\n\n        eg:\n            HTTP_HEADER: [\'FOO\', \'BAR\']\n            HTTP_HEADER: \'FOO\'\n\n            any non-array parameter will convert to [ parameter.toString() ]\n\nInfos\n-----\n* Any cURL Info options\n\n        eg: CURLINFO_EFFECTIVE_URL will be EFFETCTIVE_URL\n\n        full list at http://curl.haxx.se/libcurl/c/curl_easy_getinfo.html\n\n\n* About slist\n\n          slist will be returns in Array\n          eg: CURLINFO_COOKIELIST\n\nMultiPart Upload\n----------------\nUse MULTIPART option\n\nThere are 4 options in MULTIPART, `name`, `file`, `type`, `contents`\n\n```javascript\ncurl(\'127.0.0.1/upload.php\', {\n    MULTIPART: [\n        {name: \'file\', file: \'/file/path\', type: \'text/html\'},\n        {name: \'sumbit\', contents: \'send\'}\n    ]\n}, function(e) {\n    console.log(e);\n    console.log(this.body);\n    this.close()\n});\n```\n\nLow Level Curl Usage\n--------------------\n\nrequire \'node-curl/lib/Curl\'\n\nMethods:\n\n    Curl setopt(optionName, optionValue)\n    Curl perform()\n    Curl on(eventType, callback)\n    Mixed getinfo(infoName)\n\nEvents:\n\n    \'data\', function(Buffer chunk) {}\n    \'error\', function(Error error) {}\n    \'end\', function() {}\n\nExample: examples/low-level.js\n\n    var Curl = require(\'node-curl/lib/Curl\')\n\n    var p = console.log;\n    var url = process.argv[2];\n\n    var curl = new Curl();\n\n    if (!url)\n        url = \'www.yahoo.com\';\n\n    curl.setopt(\'URL\', url);\n    curl.setopt(\'CONNECTTIMEOUT\', 2);\n\n    // on \'data\' must be returns chunk.length, or means interrupt the transfer\n    curl.on(\'data\', function(chunk) {\n        p("receive " + chunk.length)\n        return chunk.length;\n    });\n\n    // curl.close() should be called in event \'error\' and \'end\' if the curl won\'t use any more.\n    // or the resource will not release until V8 garbage mark sweep.\n    curl.on(\'error\', function(e) {\n        p("error: " + e.message)\n        curl.close();\n    });\n\n\n    curl.on(\'end\', function() {\n        p(\'code: \' + curl.getinfo(\'RESPONSE_CODE\'));\n        p(\'done.\')\n        curl.close();\n    });\n\n    curl.perform();\n',
37 silly resolved     readmeFilename: 'README.md',
37 silly resolved     bugs: { url: 'https://github.com/jiangmiao/node-curl/issues' },
37 silly resolved     _id: 'node-curl@0.3.1',
37 silly resolved     _from: 'node-curl@' } ]
38 info install node-curl@0.3.1 into /home/dataadmin/regiondata
39 info installOne node-curl@0.3.1
40 info /home/dataadmin/regiondata/node_modules/node-curl unbuild
41 verbose tar unpack /home/dataadmin/.npm/node-curl/0.3.1/package.tgz
42 silly lockFile 789ccd44-egiondata-node-modules-node-curl tar:///home/dataadmin/regiondata/node_modules/node-curl
43 verbose lock tar:///home/dataadmin/regiondata/node_modules/node-curl /home/dataadmin/.npm/789ccd44-egiondata-node-modules-node-curl.lock
44 silly lockFile ad1bf461--npm-node-curl-0-3-1-package-tgz tar:///home/dataadmin/.npm/node-curl/0.3.1/package.tgz
45 verbose lock tar:///home/dataadmin/.npm/node-curl/0.3.1/package.tgz /home/dataadmin/.npm/ad1bf461--npm-node-curl-0-3-1-package-tgz.lock
46 silly gunzTarPerm modes [ '755', '644' ]
47 silly gunzTarPerm extractEntry package.json
48 silly gunzTarPerm extractEntry .npmignore
49 silly gunzTarPerm extractEntry README.md
50 silly gunzTarPerm extractEntry index.js
51 silly gunzTarPerm extractEntry binding.gyp
52 silly gunzTarPerm extractEntry examples/curl.js
53 silly gunzTarPerm extractEntry examples/low-level.js
54 silly gunzTarPerm extractEntry examples/post-multi-part.js
55 silly gunzTarPerm extractEntry examples/test.js
56 silly gunzTarPerm extractEntry examples/low-level-pressure.js
57 silly gunzTarPerm extractEntry examples/test-stream.js
58 silly gunzTarPerm extractEntry examples/pressure-multi-post.js
59 silly gunzTarPerm extractEntry examples/test-get-info.js
60 silly gunzTarPerm extractEntry examples/test-errors.js
61 silly gunzTarPerm extractEntry examples/quick-start.js
62 silly gunzTarPerm extractEntry examples/post.js
63 silly gunzTarPerm extractEntry examples/pressure.js
64 silly gunzTarPerm extractEntry examples/pressure.toffee
65 silly gunzTarPerm extractEntry examples/curl.toffee
66 silly gunzTarPerm extractEntry examples/test-errors.toffee
67 silly gunzTarPerm extractEntry examples/pressure-multi-post.toffee
68 silly gunzTarPerm extractEntry examples/post.toffee
69 silly gunzTarPerm extractEntry examples/test-stream.toffee
70 silly gunzTarPerm extractEntry examples/post-multi-part.toffee
71 silly gunzTarPerm extractEntry examples/test.toffee
72 silly gunzTarPerm extractEntry .travis.yml
73 silly gunzTarPerm extractEntry index.toffee
74 silly gunzTarPerm extractEntry lib/Curl.js
75 silly gunzTarPerm extractEntry lib/CurlBuilder.js
76 silly gunzTarPerm extractEntry lib/Curl.toffee
77 silly gunzTarPerm extractEntry lib/CurlBuilder.toffee
78 silly gunzTarPerm extractEntry LICENSE-MIT
79 silly gunzTarPerm extractEntry src/generate_curl_options_list.sh
80 silly gunzTarPerm extractEntry src/node-curl.cc
81 silly gunzTarPerm extractEntry src/node-curl.h
82 silly gunzTarPerm extractEntry wscript
83 silly lockFile 789ccd44-egiondata-node-modules-node-curl tar:///home/dataadmin/regiondata/node_modules/node-curl
84 silly lockFile 789ccd44-egiondata-node-modules-node-curl tar:///home/dataadmin/regiondata/node_modules/node-curl
85 silly lockFile ad1bf461--npm-node-curl-0-3-1-package-tgz tar:///home/dataadmin/.npm/node-curl/0.3.1/package.tgz
86 silly lockFile ad1bf461--npm-node-curl-0-3-1-package-tgz tar:///home/dataadmin/.npm/node-curl/0.3.1/package.tgz
87 info preinstall node-curl@0.3.1
88 verbose readDependencies using package.json deps
89 verbose readDependencies using package.json deps
90 silly resolved []
91 verbose about to build /home/dataadmin/regiondata/node_modules/node-curl
92 info build /home/dataadmin/regiondata/node_modules/node-curl
93 verbose linkStuff [ false, false, false, '/home/dataadmin/regiondata/node_modules' ]
94 info linkStuff node-curl@0.3.1
95 verbose linkBins node-curl@0.3.1
96 verbose linkMans node-curl@0.3.1
97 verbose rebuildBundles node-curl@0.3.1
98 info install node-curl@0.3.1
99 verbose unsafe-perm in lifecycle true
100 info node-curl@0.3.1 Failed to exec install script
101 info /home/dataadmin/regiondata/node_modules/node-curl unbuild
102 info preuninstall node-curl@0.3.1
103 info uninstall node-curl@0.3.1
104 verbose true,/home/dataadmin/regiondata/node_modules,/home/dataadmin/regiondata/node_modules unbuild node-curl@0.3.1
105 info postuninstall node-curl@0.3.1
106 error node-curl@0.3.1 install: `sh src/generate_curl_options_list.sh && (node-gyp rebuild || node-waf configure build)`
106 error Exit status 127
107 error Failed at the node-curl@0.3.1 install script.
107 error This is most likely a problem with the node-curl package,
107 error not with npm itself.
107 error Tell the author that this fails on your system:
107 error     sh src/generate_curl_options_list.sh && (node-gyp rebuild || node-waf configure build)
107 error You can get their info via:
107 error     npm owner ls node-curl
107 error There is likely additional logging output above.
108 error System Linux 3.8.0-29-generic
109 error command "/usr/local/bin/node" "/usr/local/bin/npm" "install" "node-curl"
110 error cwd /home/dataadmin/regiondata
111 error node -v v0.11.11-pre
112 error npm -v 1.3.23
113 error code ELIFECYCLE
114 verbose exit [ 1, true ]
